  Fifth.cpp
D:\STUDIES\workspaces\C&C++\SFML\Fifth.cpp(48,15): warning C4244: 'argument': conversion from 'time_t' to 'unsigned int', possible loss of data
D:\STUDIES\workspaces\C&C++\SFML\Fifth.cpp(121,136): warning C4244: 'argument': conversion from 'float' to 'sf::Uint8', possible loss of data
D:\STUDIES\workspaces\C&C++\SFML\Fifth.cpp(121,102): warning C4244: 'argument': conversion from 'float' to 'sf::Uint8', possible loss of data
D:\STUDIES\workspaces\C&C++\SFML\Fifth.cpp(121,68): warning C4244: 'argument': conversion from 'float' to 'sf::Uint8', possible loss of data
D:\STUDIES\workspaces\C&C++\SFML\Fifth.cpp(122,140): warning C4244: 'argument': conversion from 'float' to 'sf::Uint8', possible loss of data
D:\STUDIES\workspaces\C&C++\SFML\Fifth.cpp(122,106): warning C4244: 'argument': conversion from 'float' to 'sf::Uint8', possible loss of data
D:\STUDIES\workspaces\C&C++\SFML\Fifth.cpp(122,72): warning C4244: 'argument': conversion from 'float' to 'sf::Uint8', possible loss of data
  Forth.cpp
D:\STUDIES\workspaces\C&C++\SFML\Forth.cpp(13,15): warning C4244: 'argument': conversion from 'time_t' to 'unsigned int', possible loss of data
D:\STUDIES\workspaces\C&C++\SFML\Forth.cpp(38,45): warning C4244: 'argument': conversion from 'T' to 'T', possible loss of data
          with
          [
              T=unsigned int
          ]
          and
          [
              T=float
          ]
D:\STUDIES\workspaces\C&C++\SFML\Forth.cpp(39,48): warning C4244: 'argument': conversion from 'T' to 'float', possible loss of data
          with
          [
              T=unsigned int
          ]
D:\STUDIES\workspaces\C&C++\SFML\Forth.cpp(89,65): warning C4244: 'argument': conversion from 'T' to 'T', possible loss of data
          with
          [
              T=unsigned int
          ]
          and
          [
              T=float
          ]
D:\STUDIES\workspaces\C&C++\SFML\Forth.cpp(95,79): warning C4244: 'argument': conversion from 'T' to 'float', possible loss of data
          with
          [
              T=int
          ]
  SpaceWars.cpp
D:\STUDIES\workspaces\C&C++\SFML\SpaceWars.cpp(22,13): warning C4244: '=': conversion from 'double' to 'T', possible loss of data
          with
          [
              T=float
          ]
D:\STUDIES\workspaces\C&C++\SFML\SpaceWars.cpp(23,13): warning C4244: '=': conversion from 'double' to 'T', possible loss of data
          with
          [
              T=float
          ]
D:\STUDIES\workspaces\C&C++\SFML\SpaceWars.cpp(48,13): warning C4244: '=': conversion from 'double' to 'T', possible loss of data
          with
          [
              T=float
          ]
D:\STUDIES\workspaces\C&C++\SFML\SpaceWars.cpp(49,13): warning C4244: '=': conversion from 'double' to 'T', possible loss of data
          with
          [
              T=float
          ]
D:\STUDIES\workspaces\C&C++\SFML\SpaceWars.cpp(60,18): warning C4244: 'return': conversion from 'int' to 'float', possible loss of data
D:\STUDIES\workspaces\C&C++\SFML\SpaceWars.cpp(62,18): warning C4244: 'return': conversion from 'int' to 'float', possible loss of data
D:\STUDIES\workspaces\C&C++\SFML\SpaceWars.cpp(66,40): warning C4244: 'return': conversion from 'double' to 'float', possible loss of data
D:\STUDIES\workspaces\C&C++\SFML\SpaceWars.cpp(68,26): warning C4244: 'return': conversion from 'double' to 'float', possible loss of data
D:\STUDIES\workspaces\C&C++\SFML\SpaceWars.cpp(71,26): warning C4244: 'return': conversion from 'double' to 'float', possible loss of data
D:\STUDIES\workspaces\C&C++\SFML\SpaceWars.cpp(73,26): warning C4244: 'return': conversion from 'double' to 'float', possible loss of data
D:\STUDIES\workspaces\C&C++\SFML\SpaceWars.cpp(81,16): warning C4244: 'return': conversion from 'double' to 'float', possible loss of data
D:\STUDIES\workspaces\C&C++\SFML\SpaceWars.cpp(128,1): warning C4244: '+=': conversion from 'double' to 'float', possible loss of data
D:\STUDIES\workspaces\C&C++\SFML\SpaceWars.cpp(129,1): warning C4244: '-=': conversion from 'double' to 'float', possible loss of data
D:\STUDIES\workspaces\C&C++\SFML\SpaceWars.cpp(391,35): warning C4244: 'initializing': conversion from 'int' to 'float', possible loss of data
D:\STUDIES\workspaces\C&C++\SFML\SpaceWars.cpp(177,27): warning C4244: '=': conversion from 'double' to 'float', possible loss of data
D:\STUDIES\workspaces\C&C++\SFML\SpaceWars.cpp(186,27): warning C4244: '=': conversion from 'double' to 'float', possible loss of data
D:\STUDIES\workspaces\C&C++\SFML\SpaceWars.cpp(189,1): warning C4244: '*=': conversion from 'double' to 'int', possible loss of data
D:\STUDIES\workspaces\C&C++\SFML\SpaceWars.cpp(210,147): warning C4244: 'argument': conversion from 'double' to 'T', possible loss of data
          with
          [
              T=float
          ]
D:\STUDIES\workspaces\C&C++\SFML\SpaceWars.cpp(210,108): warning C4244: 'argument': conversion from 'double' to 'T', possible loss of data
          with
          [
              T=float
          ]
D:\STUDIES\workspaces\C&C++\SFML\SpaceWars.cpp(268,51): warning C4244: '=': conversion from 'T' to 'T', possible loss of data
          with
          [
              T=unsigned int
          ]
          and
          [
              T=float
          ]
D:\STUDIES\workspaces\C&C++\SFML\SpaceWars.cpp(329,51): warning C4244: '=': conversion from 'T' to 'T', possible loss of data
          with
          [
              T=unsigned int
          ]
          and
          [
              T=float
          ]
D:\STUDIES\workspaces\C&C++\SFML\SpaceWars.cpp(553,20): warning C4244: '=': conversion from 'int' to 'float', possible loss of data
D:\STUDIES\workspaces\C&C++\SFML\SpaceWars.cpp(673,15): warning C4244: 'argument': conversion from 'time_t' to 'unsigned int', possible loss of data
  Third.cpp
D:\STUDIES\workspaces\C&C++\SFML\Third.cpp(14,15): warning C4244: 'argument': conversion from 'time_t' to 'unsigned int', possible loss of data
D:\STUDIES\workspaces\C&C++\SFML\Third.cpp(71,55): warning C4244: 'argument': conversion from 'T' to 'float', possible loss of data
          with
          [
              T=int
          ]
  Generating code
  118 of 426 functions (27.7%) were compiled, the rest were copied from previous compilation.
    9 functions were new in current compilation
    14 functions had inline decision re-evaluated but remain unchanged
  Finished generating code
  SFML.vcxproj -> D:\STUDIES\workspaces\C&C++\SFML\x64\Release\SFML.exe
