d:\studies\workspaces\c&c++\sfml\x64\release\vc142.pdb
d:\studies\workspaces\c&c++\sfml\x64\release\third.obj
d:\studies\workspaces\c&c++\sfml\x64\release\ninth.obj
d:\studies\workspaces\c&c++\sfml\x64\release\spacewars.obj
d:\studies\workspaces\c&c++\sfml\x64\release\sfml_1_1.obj
d:\studies\workspaces\c&c++\sfml\x64\release\seventh.obj
d:\studies\workspaces\c&c++\sfml\x64\release\second.obj
d:\studies\workspaces\c&c++\sfml\x64\release\forth.obj
d:\studies\workspaces\c&c++\sfml\x64\release\first.obj
d:\studies\workspaces\c&c++\sfml\x64\release\fifth.obj
d:\studies\workspaces\c&c++\sfml\x64\release\eighth.obj
d:\studies\workspaces\c&c++\sfml\x64\release\sfml.exe
d:\studies\workspaces\c&c++\sfml\x64\release\sfml.pdb
d:\studies\workspaces\c&c++\sfml\x64\release\sfml.ipdb
d:\studies\workspaces\c&c++\sfml\x64\release\sfml.iobj
d:\studies\workspaces\c&c++\sfml\x64\release\sfml.tlog\cl.command.1.tlog
d:\studies\workspaces\c&c++\sfml\x64\release\sfml.tlog\cl.read.1.tlog
d:\studies\workspaces\c&c++\sfml\x64\release\sfml.tlog\cl.write.1.tlog
d:\studies\workspaces\c&c++\sfml\x64\release\sfml.tlog\link.command.1.tlog
d:\studies\workspaces\c&c++\sfml\x64\release\sfml.tlog\link.read.1.tlog
d:\studies\workspaces\c&c++\sfml\x64\release\sfml.tlog\link.write.1.tlog
d:\studies\workspaces\c&c++\sfml\x64\release\sfml.tlog\sfml.write.1u.tlog
